\BOOKMARK [0][-]{chapter.1}{An\341lisis de tecnolog\355as para aplicaciones en dispositivos m\363viles:}{}% 1
\BOOKMARK [1][-]{section.1.1}{Puntos iniciales}{chapter.1}% 2
\BOOKMARK [1][-]{section.1.2}{Sistemas operativos para dispositivos m\363viles. Caracter\355sticas.}{chapter.1}% 3
\BOOKMARK [1][-]{section.1.3}{Limitaciones}{chapter.1}% 4
\BOOKMARK [1][-]{section.1.4}{Entornos integrados de trabajo.}{chapter.1}% 5
\BOOKMARK [1][-]{section.1.5}{Android Studio}{chapter.1}% 6
\BOOKMARK [1][-]{section.1.6}{Eclipse}{chapter.1}% 7
\BOOKMARK [1][-]{section.1.7}{La l\355nea de comandos}{chapter.1}% 8
\BOOKMARK [1][-]{section.1.8}{El primer proyecto}{chapter.1}% 9
\BOOKMARK [1][-]{section.1.9}{Descargando plataformas}{chapter.1}% 10
\BOOKMARK [1][-]{section.1.10}{Creando emuladores}{chapter.1}% 11
\BOOKMARK [1][-]{section.1.11}{Arrancando el programa}{chapter.1}% 12
\BOOKMARK [1][-]{section.1.12}{M\363dulos para el desarrollo de aplicaciones m\363viles.}{chapter.1}% 13
\BOOKMARK [1][-]{section.1.13}{Emuladores.}{chapter.1}% 14
\BOOKMARK [1][-]{section.1.14}{Ciclo de vida}{chapter.1}% 15
\BOOKMARK [1][-]{section.1.15}{Pausando y reanudando}{chapter.1}% 16
\BOOKMARK [1][-]{section.1.16}{Deteniendo y reiniciando una actividad}{chapter.1}% 17
\BOOKMARK [1][-]{section.1.17}{Re-creando una actividad}{chapter.1}% 18
\BOOKMARK [1][-]{section.1.18}{Configuraciones y perfiles}{chapter.1}% 19
\BOOKMARK [1][-]{section.1.19}{Im\341genes}{chapter.1}% 20
\BOOKMARK [1][-]{section.1.20}{Distintas plataformas}{chapter.1}% 21
\BOOKMARK [1][-]{section.1.21}{Ejercicios}{chapter.1}% 22
\BOOKMARK [1][-]{section.1.22}{Directorios}{chapter.1}% 23
\BOOKMARK [1][-]{section.1.23}{Modificaci\363n de aplicaciones existentes.}{chapter.1}% 24
\BOOKMARK [1][-]{section.1.24}{Utilizaci\363n del entorno de ejecuci\363n del administrador de aplicaciones.}{chapter.1}% 25
\BOOKMARK [1][-]{section.1.25}{Recursos en Android}{chapter.1}% 26
\BOOKMARK [1][-]{section.1.26}{Tipos de recursos}{chapter.1}% 27
\BOOKMARK [1][-]{section.1.27}{Indicando recursos alternativos}{chapter.1}% 28
\BOOKMARK [1][-]{section.1.28}{Tama\361os y densidades}{chapter.1}% 29
\BOOKMARK [1][-]{section.1.29}{Accediendo a los recursos}{chapter.1}% 30
\BOOKMARK [1][-]{section.1.30}{Gesti\363n de cambios durante la ejecuci\363n}{chapter.1}% 31
\BOOKMARK [1][-]{section.1.31}{Reteniendo objetos en memoria}{chapter.1}% 32
\BOOKMARK [1][-]{section.1.32}{Gestionando el cambio}{chapter.1}% 33
\BOOKMARK [0][-]{chapter.2}{Ejercicios}{}% 34
\BOOKMARK [0][-]{chapter.3}{Programaci\363n de aplicaciones para dispositivos m\363viles}{}% 35
\BOOKMARK [1][-]{section.3.1}{Herramientas y fases de construcci\363n.}{chapter.3}% 36
\BOOKMARK [1][-]{section.3.2}{Interfaces de usuario. Clases asociadas.}{chapter.3}% 37
\BOOKMARK [1][-]{section.3.3}{Servicios en dispositivos m\363viles.}{chapter.3}% 38
\BOOKMARK [1][-]{section.3.4}{Proveedores de contenido.}{chapter.3}% 39
\BOOKMARK [1][-]{section.3.5}{Gesti\363n de recursos y notificaciones.}{chapter.3}% 40
\BOOKMARK [1][-]{section.3.6}{Contexto gr\341fico. Im\341genes.}{chapter.3}% 41
\BOOKMARK [1][-]{section.3.7}{Eventos del teclado.}{chapter.3}% 42
\BOOKMARK [1][-]{section.3.8}{T\351cnicas de animaci\363n y sonido.}{chapter.3}% 43
\BOOKMARK [1][-]{section.3.9}{Descubrimiento de servicios.}{chapter.3}% 44
\BOOKMARK [1][-]{section.3.10}{Bases de datos y almacenamiento.}{chapter.3}% 45
\BOOKMARK [1][-]{section.3.11}{Persistencia.}{chapter.3}% 46
\BOOKMARK [1][-]{section.3.12}{Modelo de hilos.}{chapter.3}% 47
\BOOKMARK [1][-]{section.3.13}{Comunicaciones: clases asociadas. Tipos de conexiones.}{chapter.3}% 48
\BOOKMARK [1][-]{section.3.14}{Gesti\363n de la comunicaci\363n inal\341mbrica.}{chapter.3}% 49
\BOOKMARK [1][-]{section.3.15}{Seguridad y permisos.}{chapter.3}% 50
\BOOKMARK [1][-]{section.3.16}{Env\355o y recepci\363n de mensajes texto.}{chapter.3}% 51
\BOOKMARK [1][-]{section.3.17}{Env\355o y recepci\363n de mensajer\355a multimedia. Sincronizaci\363n de contenido.}{chapter.3}% 52
\BOOKMARK [1][-]{section.3.18}{Manejo de conexiones HTTP y HTTPS.}{chapter.3}% 53
\BOOKMARK [1][-]{section.3.19}{Empaquetado y despliegue de aplicaciones para dispositivos m\363viles.}{chapter.3}% 54
\BOOKMARK [1][-]{section.3.20}{Centros de distribuci\363n de aplicaciones.}{chapter.3}% 55
\BOOKMARK [1][-]{section.3.21}{Documentaci\363n de aplicaciones de dispositivos m\363viles.}{chapter.3}% 56
\BOOKMARK [0][-]{chapter.4}{Utilizaci\363n de librer\355as multimedia integradas}{}% 57
\BOOKMARK [1][-]{section.4.1}{Conceptos sobre aplicaciones multimedia.}{chapter.4}% 58
\BOOKMARK [1][-]{section.4.2}{Arquitectura del API utilizado.}{chapter.4}% 59
\BOOKMARK [1][-]{section.4.3}{Fuentes de datos multimedia. Clases.}{chapter.4}% 60
\BOOKMARK [1][-]{section.4.4}{Datos basados en el tiempo.}{chapter.4}% 61
\BOOKMARK [1][-]{section.4.5}{Procesamiento de objetos multimedia. Clases. Estados, m\351todos y eventos.}{chapter.4}% 62
\BOOKMARK [1][-]{section.4.6}{Reproducci\363n de objetos multimedia. Clases. Estados, m\351todos y eventos.}{chapter.4}% 63
\BOOKMARK [1][-]{section.4.7}{Depuraci\363n y documentaci\363n de los programas.}{chapter.4}% 64
\BOOKMARK [0][-]{chapter.5}{An\341lisis de motores de juegos}{}% 65
\BOOKMARK [1][-]{section.5.1}{Animaci\363n 2D y 3D.}{chapter.5}% 66
\BOOKMARK [1][-]{section.5.2}{Arquitectura del juego. Componentes.}{chapter.5}% 67
\BOOKMARK [1][-]{section.5.3}{Motores de juegos: Tipos y utilizaci\363n.}{chapter.5}% 68
\BOOKMARK [1][-]{section.5.4}{\301reas de especializaci\363n, librer\355as utilizadas y lenguajes de programaci\363n}{chapter.5}% 69
\BOOKMARK [1][-]{section.5.5}{Componentes de un motor de juegos.}{chapter.5}% 70
\BOOKMARK [1][-]{section.5.6}{Librer\355as que proporcionan las funciones b\341sicas de un Motor 2D/3D.}{chapter.5}% 71
\BOOKMARK [1][-]{section.5.7}{APIs gr\341ficos 3D.}{chapter.5}% 72
\BOOKMARK [1][-]{section.5.8}{Estudio de juegos existentes.}{chapter.5}% 73
\BOOKMARK [1][-]{section.5.9}{Aplicaci\363n de modificaciones sobre juegos existentes.}{chapter.5}% 74
\BOOKMARK [0][-]{chapter.6}{Desarrollo de juegos 2D y 3D}{}% 75
\BOOKMARK [1][-]{section.6.1}{Entornos de desarrollo para juegos.}{chapter.6}% 76
\BOOKMARK [1][-]{section.6.2}{Integraci\363n del motor de juegos en entornos de desarrollo.}{chapter.6}% 77
\BOOKMARK [1][-]{section.6.3}{Conceptos avanzados de programaci\363n 3D.}{chapter.6}% 78
\BOOKMARK [1][-]{section.6.4}{Fases de desarrollo:}{chapter.6}% 79
\BOOKMARK [1][-]{section.6.5}{Propiedades de los objetos: luz, texturas, reflejos, sombras.}{chapter.6}% 80
\BOOKMARK [1][-]{section.6.6}{Aplicaci\363n de las funciones del motor gr\341fico. Renderizaci\363n.}{chapter.6}% 81
\BOOKMARK [1][-]{section.6.7}{Aplicaci\363n de las funciones del grafo de escena.}{chapter.6}% 82
\BOOKMARK [1][-]{section.6.8}{Tipos de nodos y su utilizaci\363n.}{chapter.6}% 83
\BOOKMARK [1][-]{section.6.9}{Asociaci\363n de sonidos a los eventos del juego.}{chapter.6}% 84
\BOOKMARK [1][-]{section.6.10}{An\341lisis de ejecuci\363n. Optimizaci\363n del c\363digo.}{chapter.6}% 85
\BOOKMARK [1][-]{section.6.11}{Documentaci\363n de la fase de dise\361o y de desarrollo.}{chapter.6}% 86
\BOOKMARK [0][-]{chapter.7}{Sistemas basados en localizaci\363n}{}% 87
\BOOKMARK [1][-]{section.7.1}{Tecnolog\355as de localizaci\363n \(GPS, A-GPS,...\).}{chapter.7}% 88
\BOOKMARK [1][-]{section.7.2}{Servicios de localizaci\363n, mapas y geocodificaci\363n.}{chapter.7}% 89
\BOOKMARK [1][-]{section.7.3}{Emuladores para simular las ubicaciones.}{chapter.7}% 90
\BOOKMARK [1][-]{section.7.4}{Visualizaci\363n la informaci\363n geolocalizada.}{chapter.7}% 91
